<?xml version="1.0" encoding="UTF-8"?>
<testsuite name="org.luismore.hlvsapi.HlvsApiApplicationTests" tests="1" skipped="0" failures="0" errors="0" timestamp="2024-07-07T17:59:05" hostname="MARIOV" time="0.478">
  <properties/>
  <testcase name="contextLoads()" classname="org.luismore.hlvsapi.HlvsApiApplicationTests" time="0.478"/>
  <system-out><![CDATA[11:58:43.135 [Test worker] INFO org.springframework.test.context.support.AnnotationConfigContextLoaderUtils -- Could not detect default configuration classes for test class [org.luismore.hlvsapi.HlvsApiApplicationTests]: HlvsApiApplicationTests does not declare any static, non-private, non-final, nested classes annotated with @Configuration.
11:58:43.257 [Test worker] INFO org.springframework.boot.test.context.SpringBootTestContextBootstrapper -- Found @SpringBootConfiguration org.luismore.hlvsapi.HlvsApiApplication for test class org.luismore.hlvsapi.HlvsApiApplicationTests
  .   ____          _            __ _ _
 /\\ / ___'_ __ _ _(_)_ __  __ _ \ \ \ \
( ( )\___ | '_ | '_| | '_ \/ _` | \ \ \ \
 \\/  ___)| |_)| | | | | || (_| |  ) ) ) )
  '  |____| .__|_| |_|_| |_\__, | / / / /
 =========|_|==============|___/=/_/_/_/

 :: Spring Boot ::                (v3.3.0)

2024-07-07T11:58:43.656-06:00  INFO 37300 --- [HLVS-API] [    Test worker] o.l.hlvsapi.HlvsApiApplicationTests      : Starting HlvsApiApplicationTests using Java 17.0.11 with PID 37300 (started by luism in C:\Users\luism\Desktop\HLVS-API)
2024-07-07T11:58:43.658-06:00  INFO 37300 --- [HLVS-API] [    Test worker] o.l.hlvsapi.HlvsApiApplicationTests      : No active profile set, falling back to 1 default profile: "default"
2024-07-07T11:58:44.894-06:00  INFO 37300 --- [HLVS-API] [    Test worker] .s.d.r.c.RepositoryConfigurationDelegate : Bootstrapping Spring Data JPA repositories in DEFAULT mode.
2024-07-07T11:58:45.007-06:00  INFO 37300 --- [HLVS-API] [    Test worker] .s.d.r.c.RepositoryConfigurationDelegate : Finished Spring Data repository scanning in 98 ms. Found 12 JPA repository interfaces.
2024-07-07T11:58:45.709-06:00  INFO 37300 --- [HLVS-API] [    Test worker] o.hibernate.jpa.internal.util.LogHelper  : HHH000204: Processing PersistenceUnitInfo [name: default]
2024-07-07T11:58:45.832-06:00  INFO 37300 --- [HLVS-API] [    Test worker] org.hibernate.Version                    : HHH000412: Hibernate ORM core version 6.5.2.Final
2024-07-07T11:58:45.841-06:00  WARN 37300 --- [HLVS-API] [    Test worker] .h.j.b.i.EntityManagerFactoryBuilderImpl : HHH000059: Defining hibernate.transaction.flush_before_completion=true ignored in HEM
2024-07-07T11:58:45.900-06:00  INFO 37300 --- [HLVS-API] [    Test worker] o.h.c.internal.RegionFactoryInitiator    : HHH000026: Second-level cache disabled
2024-07-07T11:58:46.321-06:00  INFO 37300 --- [HLVS-API] [    Test worker] o.s.o.j.p.SpringPersistenceUnitInfo      : No LoadTimeWeaver setup: ignoring JPA class transformer
2024-07-07T11:58:46.356-06:00  INFO 37300 --- [HLVS-API] [    Test worker] com.zaxxer.hikari.HikariDataSource       : HikariPool-1 - Starting...
2024-07-07T11:58:48.181-06:00  INFO 37300 --- [HLVS-API] [    Test worker] com.zaxxer.hikari.pool.HikariPool        : HikariPool-1 - Added connection org.postgresql.jdbc.PgConnection@647ff23e
2024-07-07T11:58:48.184-06:00  INFO 37300 --- [HLVS-API] [    Test worker] com.zaxxer.hikari.HikariDataSource       : HikariPool-1 - Start completed.
2024-07-07T11:58:50.083-06:00  INFO 37300 --- [HLVS-API] [    Test worker] o.h.e.t.j.p.i.JtaPlatformInitiator       : HHH000489: No JTA platform available (set 'hibernate.transaction.jta.platform' to enable JTA platform integration)
2024-07-07T11:59:02.280-06:00  INFO 37300 --- [HLVS-API] [    Test worker] j.LocalContainerEntityManagerFactoryBean : Initialized JPA EntityManagerFactory for persistence unit 'default'
2024-07-07T11:59:03.209-06:00  INFO 37300 --- [HLVS-API] [    Test worker] o.s.d.j.r.query.QueryEnhancerFactory     : Hibernate is in classpath; If applicable, HQL parser will be used.
2024-07-07T11:59:04.053-06:00  WARN 37300 --- [HLVS-API] [    Test worker] JpaBaseConfiguration$JpaWebConfiguration : spring.jpa.open-in-view is enabled by default. Therefore, database queries may be performed during view rendering. Explicitly configure spring.jpa.open-in-view to disable this warning
2024-07-07T11:59:04.111-06:00  INFO 37300 --- [HLVS-API] [    Test worker] r$InitializeUserDetailsManagerConfigurer : Global AuthenticationManager configured with UserDetailsService bean with name userDetailsService
2024-07-07T11:59:04.748-06:00  INFO 37300 --- [HLVS-API] [    Test worker] o.s.s.web.DefaultSecurityFilterChain     : Will secure any request with [org.springframework.security.web.session.DisableEncodeUrlFilter@6ad4d333, org.springframework.security.web.context.request.async.WebAsyncManagerIntegrationFilter@1b3fff29, org.springframework.security.web.context.SecurityContextHolderFilter@438f205c, org.springframework.security.web.header.HeaderWriterFilter@a9b5c85, org.springframework.web.filter.CorsFilter@4f90b4c9, org.springframework.security.web.authentication.logout.LogoutFilter@60bc259a, org.luismore.hlvsapi.utils.JWTTokenFilter@62dfe32e, org.springframework.security.web.authentication.www.BasicAuthenticationFilter@7db644d5, org.springframework.security.web.savedrequest.RequestCacheAwareFilter@cf9a1f1, org.springframework.security.web.servletapi.SecurityContextHolderAwareRequestFilter@5d39797a, org.springframework.security.web.authentication.AnonymousAuthenticationFilter@16fc3be9, org.springframework.security.web.session.SessionManagementFilter@72216f0b, org.springframework.security.web.access.ExceptionTranslationFilter@2c8c897e, org.springframework.security.web.access.intercept.AuthorizationFilter@5e05f3eb]
2024-07-07T11:59:05.275-06:00  INFO 37300 --- [HLVS-API] [    Test worker] o.l.hlvsapi.HlvsApiApplicationTests      : Started HlvsApiApplicationTests in 21.861 seconds (process running for 23.006)
]]></system-out>
  <system-err><![CDATA[]]></system-err>
</testsuite>
