<?xml version="1.0" encoding="UTF-8"?>
<testsuite name="org.luismore.hlvsapi.HlvsApiApplicationTests" tests="1" skipped="0" failures="0" errors="0" timestamp="2024-07-08T06:16:56" hostname="MARIOV" time="0.515">
  <properties/>
  <testcase name="contextLoads()" classname="org.luismore.hlvsapi.HlvsApiApplicationTests" time="0.515"/>
  <system-out><![CDATA[00:16:49.175 [Test worker] INFO org.springframework.test.context.support.AnnotationConfigContextLoaderUtils -- Could not detect default configuration classes for test class [org.luismore.hlvsapi.HlvsApiApplicationTests]: HlvsApiApplicationTests does not declare any static, non-private, non-final, nested classes annotated with @Configuration.
00:16:49.349 [Test worker] INFO org.springframework.boot.test.context.SpringBootTestContextBootstrapper -- Found @SpringBootConfiguration org.luismore.hlvsapi.HlvsApiApplication for test class org.luismore.hlvsapi.HlvsApiApplicationTests
  .   ____          _            __ _ _
 /\\ / ___'_ __ _ _(_)_ __  __ _ \ \ \ \
( ( )\___ | '_ | '_| | '_ \/ _` | \ \ \ \
 \\/  ___)| |_)| | | | | || (_| |  ) ) ) )
  '  |____| .__|_| |_|_| |_\__, | / / / /
 =========|_|==============|___/=/_/_/_/

 :: Spring Boot ::                (v3.3.0)

2024-07-08T00:16:49.809-06:00  INFO 48688 --- [HLVS-API] [    Test worker] o.l.hlvsapi.HlvsApiApplicationTests      : Starting HlvsApiApplicationTests using Java 17.0.11 with PID 48688 (started by luism in C:\Users\luism\Desktop\HLVS-API)
2024-07-08T00:16:49.810-06:00  INFO 48688 --- [HLVS-API] [    Test worker] o.l.hlvsapi.HlvsApiApplicationTests      : No active profile set, falling back to 1 default profile: "default"
2024-07-08T00:16:51.172-06:00  INFO 48688 --- [HLVS-API] [    Test worker] .s.d.r.c.RepositoryConfigurationDelegate : Bootstrapping Spring Data JPA repositories in DEFAULT mode.
2024-07-08T00:16:51.282-06:00  INFO 48688 --- [HLVS-API] [    Test worker] .s.d.r.c.RepositoryConfigurationDelegate : Finished Spring Data repository scanning in 101 ms. Found 12 JPA repository interfaces.
2024-07-08T00:16:51.904-06:00  INFO 48688 --- [HLVS-API] [    Test worker] o.hibernate.jpa.internal.util.LogHelper  : HHH000204: Processing PersistenceUnitInfo [name: default]
2024-07-08T00:16:51.999-06:00  INFO 48688 --- [HLVS-API] [    Test worker] org.hibernate.Version                    : HHH000412: Hibernate ORM core version 6.5.2.Final
2024-07-08T00:16:52.008-06:00  WARN 48688 --- [HLVS-API] [    Test worker] .h.j.b.i.EntityManagerFactoryBuilderImpl : HHH000059: Defining hibernate.transaction.flush_before_completion=true ignored in HEM
2024-07-08T00:16:52.066-06:00  INFO 48688 --- [HLVS-API] [    Test worker] o.h.c.internal.RegionFactoryInitiator    : HHH000026: Second-level cache disabled
2024-07-08T00:16:52.470-06:00  INFO 48688 --- [HLVS-API] [    Test worker] o.s.o.j.p.SpringPersistenceUnitInfo      : No LoadTimeWeaver setup: ignoring JPA class transformer
2024-07-08T00:16:52.511-06:00  INFO 48688 --- [HLVS-API] [    Test worker] com.zaxxer.hikari.HikariDataSource       : HikariPool-1 - Starting...
2024-07-08T00:16:52.703-06:00  INFO 48688 --- [HLVS-API] [    Test worker] com.zaxxer.hikari.pool.HikariPool        : HikariPool-1 - Added connection org.postgresql.jdbc.PgConnection@7b3c0ecb
2024-07-08T00:16:52.705-06:00  INFO 48688 --- [HLVS-API] [    Test worker] com.zaxxer.hikari.HikariDataSource       : HikariPool-1 - Start completed.
2024-07-08T00:16:54.222-06:00  INFO 48688 --- [HLVS-API] [    Test worker] o.h.e.t.j.p.i.JtaPlatformInitiator       : HHH000489: No JTA platform available (set 'hibernate.transaction.jta.platform' to enable JTA platform integration)
2024-07-08T00:16:54.413-06:00  INFO 48688 --- [HLVS-API] [    Test worker] j.LocalContainerEntityManagerFactoryBean : Initialized JPA EntityManagerFactory for persistence unit 'default'
2024-07-08T00:16:55.079-06:00  INFO 48688 --- [HLVS-API] [    Test worker] o.s.d.j.r.query.QueryEnhancerFactory     : Hibernate is in classpath; If applicable, HQL parser will be used.
2024-07-08T00:16:55.628-06:00  WARN 48688 --- [HLVS-API] [    Test worker] JpaBaseConfiguration$JpaWebConfiguration : spring.jpa.open-in-view is enabled by default. Therefore, database queries may be performed during view rendering. Explicitly configure spring.jpa.open-in-view to disable this warning
2024-07-08T00:16:55.655-06:00  INFO 48688 --- [HLVS-API] [    Test worker] r$InitializeUserDetailsManagerConfigurer : Global AuthenticationManager configured with UserDetailsService bean with name userDetailsService
2024-07-08T00:16:56.016-06:00  INFO 48688 --- [HLVS-API] [    Test worker] o.s.s.web.DefaultSecurityFilterChain     : Will secure any request with [org.springframework.security.web.session.DisableEncodeUrlFilter@249c96cf, org.springframework.security.web.context.request.async.WebAsyncManagerIntegrationFilter@2ce5ea69, org.springframework.security.web.context.SecurityContextHolderFilter@348523f2, org.springframework.security.web.header.HeaderWriterFilter@3c0a4c8b, org.springframework.web.filter.CorsFilter@14c5625d, org.springframework.security.web.authentication.logout.LogoutFilter@151ce559, org.luismore.hlvsapi.utils.JWTTokenFilter@65a42136, org.springframework.security.web.authentication.www.BasicAuthenticationFilter@efbc6a1, org.springframework.security.web.savedrequest.RequestCacheAwareFilter@5afb0a4f, org.springframework.security.web.servletapi.SecurityContextHolderAwareRequestFilter@6a51a39d, org.springframework.security.web.authentication.AnonymousAuthenticationFilter@41737438, org.springframework.security.web.session.SessionManagementFilter@da51aa8, org.springframework.security.web.access.ExceptionTranslationFilter@720da195, org.springframework.security.web.access.intercept.AuthorizationFilter@6f3cf9ac]
2024-07-08T00:16:56.390-06:00  INFO 48688 --- [HLVS-API] [    Test worker] o.l.hlvsapi.HlvsApiApplicationTests      : Started HlvsApiApplicationTests in 6.844 seconds (process running for 8.198)
]]></system-out>
  <system-err><![CDATA[]]></system-err>
</testsuite>
