<?xml version="1.0" encoding="UTF-8"?>
<testsuite name="org.luismore.hlvsapi.HlvsApiApplicationTests" tests="1" skipped="0" failures="0" errors="0" timestamp="2024-07-07T20:39:26" hostname="MARIOV" time="0.517">
  <properties/>
  <testcase name="contextLoads()" classname="org.luismore.hlvsapi.HlvsApiApplicationTests" time="0.517"/>
  <system-out><![CDATA[14:39:08.265 [Test worker] INFO org.springframework.test.context.support.AnnotationConfigContextLoaderUtils -- Could not detect default configuration classes for test class [org.luismore.hlvsapi.HlvsApiApplicationTests]: HlvsApiApplicationTests does not declare any static, non-private, non-final, nested classes annotated with @Configuration.
14:39:08.400 [Test worker] INFO org.springframework.boot.test.context.SpringBootTestContextBootstrapper -- Found @SpringBootConfiguration org.luismore.hlvsapi.HlvsApiApplication for test class org.luismore.hlvsapi.HlvsApiApplicationTests
  .   ____          _            __ _ _
 /\\ / ___'_ __ _ _(_)_ __  __ _ \ \ \ \
( ( )\___ | '_ | '_| | '_ \/ _` | \ \ \ \
 \\/  ___)| |_)| | | | | || (_| |  ) ) ) )
  '  |____| .__|_| |_|_| |_\__, | / / / /
 =========|_|==============|___/=/_/_/_/

 :: Spring Boot ::                (v3.3.0)

2024-07-07T14:39:08.827-06:00  INFO 14344 --- [HLVS-API] [    Test worker] o.l.hlvsapi.HlvsApiApplicationTests      : Starting HlvsApiApplicationTests using Java 17.0.11 with PID 14344 (started by luism in C:\Users\luism\Desktop\HLVS-API)
2024-07-07T14:39:08.828-06:00  INFO 14344 --- [HLVS-API] [    Test worker] o.l.hlvsapi.HlvsApiApplicationTests      : No active profile set, falling back to 1 default profile: "default"
2024-07-07T14:39:10.072-06:00  INFO 14344 --- [HLVS-API] [    Test worker] .s.d.r.c.RepositoryConfigurationDelegate : Bootstrapping Spring Data JPA repositories in DEFAULT mode.
2024-07-07T14:39:10.172-06:00  INFO 14344 --- [HLVS-API] [    Test worker] .s.d.r.c.RepositoryConfigurationDelegate : Finished Spring Data repository scanning in 91 ms. Found 12 JPA repository interfaces.
2024-07-07T14:39:10.805-06:00  INFO 14344 --- [HLVS-API] [    Test worker] o.hibernate.jpa.internal.util.LogHelper  : HHH000204: Processing PersistenceUnitInfo [name: default]
2024-07-07T14:39:10.967-06:00  INFO 14344 --- [HLVS-API] [    Test worker] org.hibernate.Version                    : HHH000412: Hibernate ORM core version 6.5.2.Final
2024-07-07T14:39:10.973-06:00  WARN 14344 --- [HLVS-API] [    Test worker] .h.j.b.i.EntityManagerFactoryBuilderImpl : HHH000059: Defining hibernate.transaction.flush_before_completion=true ignored in HEM
2024-07-07T14:39:11.042-06:00  INFO 14344 --- [HLVS-API] [    Test worker] o.h.c.internal.RegionFactoryInitiator    : HHH000026: Second-level cache disabled
2024-07-07T14:39:11.376-06:00  INFO 14344 --- [HLVS-API] [    Test worker] o.s.o.j.p.SpringPersistenceUnitInfo      : No LoadTimeWeaver setup: ignoring JPA class transformer
2024-07-07T14:39:11.405-06:00  INFO 14344 --- [HLVS-API] [    Test worker] com.zaxxer.hikari.HikariDataSource       : HikariPool-1 - Starting...
2024-07-07T14:39:13.101-06:00  INFO 14344 --- [HLVS-API] [    Test worker] com.zaxxer.hikari.pool.HikariPool        : HikariPool-1 - Added connection org.postgresql.jdbc.PgConnection@2dde0a34
2024-07-07T14:39:13.104-06:00  INFO 14344 --- [HLVS-API] [    Test worker] com.zaxxer.hikari.HikariDataSource       : HikariPool-1 - Start completed.
2024-07-07T14:39:14.995-06:00  INFO 14344 --- [HLVS-API] [    Test worker] o.h.e.t.j.p.i.JtaPlatformInitiator       : HHH000489: No JTA platform available (set 'hibernate.transaction.jta.platform' to enable JTA platform integration)
2024-07-07T14:39:23.253-06:00  INFO 14344 --- [HLVS-API] [    Test worker] j.LocalContainerEntityManagerFactoryBean : Initialized JPA EntityManagerFactory for persistence unit 'default'
2024-07-07T14:39:24.154-06:00  INFO 14344 --- [HLVS-API] [    Test worker] o.s.d.j.r.query.QueryEnhancerFactory     : Hibernate is in classpath; If applicable, HQL parser will be used.
2024-07-07T14:39:25.045-06:00  WARN 14344 --- [HLVS-API] [    Test worker] JpaBaseConfiguration$JpaWebConfiguration : spring.jpa.open-in-view is enabled by default. Therefore, database queries may be performed during view rendering. Explicitly configure spring.jpa.open-in-view to disable this warning
2024-07-07T14:39:25.080-06:00  INFO 14344 --- [HLVS-API] [    Test worker] r$InitializeUserDetailsManagerConfigurer : Global AuthenticationManager configured with UserDetailsService bean with name userDetailsService
2024-07-07T14:39:25.701-06:00  INFO 14344 --- [HLVS-API] [    Test worker] o.s.s.web.DefaultSecurityFilterChain     : Will secure any request with [org.springframework.security.web.session.DisableEncodeUrlFilter@16fc3be9, org.springframework.security.web.context.request.async.WebAsyncManagerIntegrationFilter@5afd2f4e, org.springframework.security.web.context.SecurityContextHolderFilter@19710bd9, org.springframework.security.web.header.HeaderWriterFilter@f25176a, org.springframework.web.filter.CorsFilter@3e5f458f, org.springframework.security.web.authentication.logout.LogoutFilter@73f83bff, org.luismore.hlvsapi.utils.JWTTokenFilter@fca4392, org.springframework.security.web.authentication.www.BasicAuthenticationFilter@3ef2816a, org.springframework.security.web.savedrequest.RequestCacheAwareFilter@631990cc, org.springframework.security.web.servletapi.SecurityContextHolderAwareRequestFilter@47814094, org.springframework.security.web.authentication.AnonymousAuthenticationFilter@74239871, org.springframework.security.web.session.SessionManagementFilter@438f205c, org.springframework.security.web.access.ExceptionTranslationFilter@fcecc45, org.springframework.security.web.access.intercept.AuthorizationFilter@6ad4d333]
2024-07-07T14:39:26.217-06:00  INFO 14344 --- [HLVS-API] [    Test worker] o.l.hlvsapi.HlvsApiApplicationTests      : Started HlvsApiApplicationTests in 17.63 seconds (process running for 19.009)
]]></system-out>
  <system-err><![CDATA[]]></system-err>
</testsuite>
